2026-03-05 18:00:40,859 - root - INFO - Logging tizimi muvaffaqiyatli sozlandi
2026-03-05 18:00:40,860 - __main__ - INFO - Bot ishga tushmoqda...
2026-03-05 18:00:42,084 - httpx - INFO - HTTP Request: HEAD https://huggingface.co/cybersectony/phishing-email-detection-distilbert_v2.4.1/resolve/main/config.json "HTTP/1.1 307 Temporary Redirect"
2026-03-05 18:00:42,193 - httpx - INFO - HTTP Request: HEAD https://huggingface.co/api/resolve-cache/models/cybersectony/phishing-email-detection-distilbert_v2.4.1/6724dec17360ab1f6450553f1d950404f66a5dde/config.json "HTTP/1.1 200 OK"
2026-03-05 18:00:42,413 - httpx - INFO - HTTP Request: GET https://huggingface.co/api/resolve-cache/models/cybersectony/phishing-email-detection-distilbert_v2.4.1/6724dec17360ab1f6450553f1d950404f66a5dde/config.json "HTTP/1.1 200 OK"
2026-03-05 18:00:49,752 - httpx - INFO - HTTP Request: HEAD https://huggingface.co/cybersectony/phishing-email-detection-distilbert_v2.4.1/resolve/main/model.safetensors "HTTP/1.1 302 Found"
2026-03-05 18:00:49,753 - huggingface_hub.utils._http - WARNING - Warning: You are sending unauthenticated requests to the HF Hub. Please set a HF_TOKEN to enable higher rate limits and faster downloads.
2026-03-05 18:00:49,975 - httpx - INFO - HTTP Request: GET https://huggingface.co/api/models/cybersectony/phishing-email-detection-distilbert_v2.4.1/xet-read-token/6724dec17360ab1f6450553f1d950404f66a5dde "HTTP/1.1 200 OK"
2026-03-05 18:01:08,191 - httpx - INFO - HTTP Request: HEAD https://huggingface.co/cybersectony/phishing-email-detection-distilbert_v2.4.1/resolve/main/tokenizer_config.json "HTTP/1.1 307 Temporary Redirect"
2026-03-05 18:01:08,260 - httpx - INFO - HTTP Request: HEAD https://huggingface.co/api/resolve-cache/models/cybersectony/phishing-email-detection-distilbert_v2.4.1/6724dec17360ab1f6450553f1d950404f66a5dde/tokenizer_config.json "HTTP/1.1 200 OK"
2026-03-05 18:01:08,332 - httpx - INFO - HTTP Request: GET https://huggingface.co/api/resolve-cache/models/cybersectony/phishing-email-detection-distilbert_v2.4.1/6724dec17360ab1f6450553f1d950404f66a5dde/tokenizer_config.json "HTTP/1.1 200 OK"
2026-03-05 18:01:11,580 - httpx - INFO - HTTP Request: GET https://huggingface.co/api/models/cybersectony/phishing-email-detection-distilbert_v2.4.1/tree/main/additional_chat_templates?recursive=false&expand=false "HTTP/1.1 404 Not Found"
2026-03-05 18:01:11,819 - httpx - INFO - HTTP Request: GET https://huggingface.co/api/models/cybersectony/phishing-email-detection-distilbert_v2.4.1/tree/main?recursive=true&expand=false "HTTP/1.1 200 OK"
2026-03-05 18:01:12,014 - httpx - INFO - HTTP Request: HEAD https://huggingface.co/cybersectony/phishing-email-detection-distilbert_v2.4.1/resolve/main/tokenizer.json "HTTP/1.1 307 Temporary Redirect"
2026-03-05 18:01:12,084 - httpx - INFO - HTTP Request: HEAD https://huggingface.co/api/resolve-cache/models/cybersectony/phishing-email-detection-distilbert_v2.4.1/6724dec17360ab1f6450553f1d950404f66a5dde/tokenizer.json "HTTP/1.1 200 OK"
2026-03-05 18:01:12,155 - httpx - INFO - HTTP Request: GET https://huggingface.co/api/resolve-cache/models/cybersectony/phishing-email-detection-distilbert_v2.4.1/6724dec17360ab1f6450553f1d950404f66a5dde/tokenizer.json "HTTP/1.1 200 OK"
2026-03-05 18:01:15,226 - httpx - INFO - HTTP Request: HEAD https://huggingface.co/cybersectony/phishing-email-detection-distilbert_v2.4.1/resolve/main/tokenizer.model "HTTP/1.1 404 Not Found"
2026-03-05 18:01:15,421 - httpx - INFO - HTTP Request: HEAD https://huggingface.co/cybersectony/phishing-email-detection-distilbert_v2.4.1/resolve/main/added_tokens.json "HTTP/1.1 404 Not Found"
2026-03-05 18:01:15,618 - httpx - INFO - HTTP Request: HEAD https://huggingface.co/cybersectony/phishing-email-detection-distilbert_v2.4.1/resolve/main/special_tokens_map.json "HTTP/1.1 307 Temporary Redirect"
2026-03-05 18:01:15,694 - httpx - INFO - HTTP Request: HEAD https://huggingface.co/api/resolve-cache/models/cybersectony/phishing-email-detection-distilbert_v2.4.1/6724dec17360ab1f6450553f1d950404f66a5dde/special_tokens_map.json "HTTP/1.1 200 OK"
2026-03-05 18:01:15,765 - httpx - INFO - HTTP Request: GET https://huggingface.co/api/resolve-cache/models/cybersectony/phishing-email-detection-distilbert_v2.4.1/6724dec17360ab1f6450553f1d950404f66a5dde/special_tokens_map.json "HTTP/1.1 200 OK"
2026-03-05 18:01:17,979 - httpx - INFO - HTTP Request: HEAD https://huggingface.co/cybersectony/phishing-email-detection-distilbert_v2.4.1/resolve/main/chat_template.jinja "HTTP/1.1 404 Not Found"
2026-03-05 18:01:18,036 - bot.core.ai_model - INFO - Phishing model yuklandi
2026-03-05 18:05:41,169 - root - INFO - Logging tizimi muvaffaqiyatli sozlandi
2026-03-05 18:05:41,169 - __main__ - INFO - Bot ishga tushmoqda...
2026-03-05 18:05:41,686 - httpx - INFO - HTTP Request: HEAD https://huggingface.co/cybersectony/phishing-email-detection-distilbert_v2.4.1/resolve/main/config.json "HTTP/1.1 307 Temporary Redirect"
2026-03-05 18:05:41,687 - huggingface_hub.utils._http - WARNING - Warning: You are sending unauthenticated requests to the HF Hub. Please set a HF_TOKEN to enable higher rate limits and faster downloads.
2026-03-05 18:05:41,770 - httpx - INFO - HTTP Request: HEAD https://huggingface.co/api/resolve-cache/models/cybersectony/phishing-email-detection-distilbert_v2.4.1/6724dec17360ab1f6450553f1d950404f66a5dde/config.json "HTTP/1.1 200 OK"
2026-03-05 18:05:42,028 - httpx - INFO - HTTP Request: GET https://huggingface.co/api/models/cybersectony/phishing-email-detection-distilbert_v2.4.1/tree/main/additional_chat_templates?recursive=false&expand=false "HTTP/1.1 404 Not Found"
2026-03-05 18:05:42,242 - httpx - INFO - HTTP Request: GET https://huggingface.co/api/models/cybersectony/phishing-email-detection-distilbert_v2.4.1/tree/main?recursive=true&expand=false "HTTP/1.1 200 OK"
2026-03-05 18:05:42,282 - bot.core.ai_model - INFO - Phishing model yuklandi
2026-03-05 18:05:42,425 - aiogram.dispatcher - INFO - Start polling
2026-03-05 18:05:43,457 - aiogram.dispatcher - INFO - Run polling for bot @cyber_iivBot id=8788056136 - 'Kiber qalqon'
2026-03-05 18:06:27,825 - aiogram.event - INFO - Update id=261687406 is not handled. Duration 12 ms by bot id=8788056136
2026-03-05 18:06:27,825 - aiogram.event - ERROR - Cause exception while process update id=261687406 by bot id=8788056136
ValidationError: 1 validation error for SendMessage
text
  Input should be a valid string [type=string_type, input_value=<built-in method format o...t at 0x0000021721267230>, input_type=builtin_function_or_method]
    For further information visit https://errors.pydantic.dev/2.12/v/string_type
Traceback (most recent call last):
  File "G:\projekts\kiberbot\venv\Lib\site-packages\aiogram\dispatcher\dispatcher.py", line 309, in _process_update
    response = await self.feed_update(bot, update, **kwargs)
               ^^^^^^^^^^^^^^^^^^^^^^^^^^^^^^^^^^^^^^^^^^^^^
  File "G:\projekts\kiberbot\venv\Lib\site-packages\aiogram\dispatcher\dispatcher.py", line 158, in feed_update
    response = await self.update.wrap_outer_middleware(
               ^^^^^^^^^^^^^^^^^^^^^^^^^^^^^^^^^^^^^^^^
    ...<7 lines>...
    )
    ^
  File "G:\projekts\kiberbot\venv\Lib\site-packages\aiogram\dispatcher\middlewares\error.py", line 25, in __call__
    return await handler(event, data)
           ^^^^^^^^^^^^^^^^^^^^^^^^^^
  File "G:\projekts\kiberbot\venv\Lib\site-packages\aiogram\dispatcher\middlewares\user_context.py", line 56, in __call__
    return await handler(event, data)
           ^^^^^^^^^^^^^^^^^^^^^^^^^^
  File "G:\projekts\kiberbot\venv\Lib\site-packages\aiogram\fsm\middleware.py", line 42, in __call__
    return await handler(event, data)
           ^^^^^^^^^^^^^^^^^^^^^^^^^^
  File "G:\projekts\kiberbot\venv\Lib\site-packages\aiogram\dispatcher\event\telegram.py", line 121, in trigger
    return await wrapped_inner(event, kwargs)
           ^^^^^^^^^^^^^^^^^^^^^^^^^^^^^^^^^^
  File "G:\projekts\kiberbot\venv\Lib\site-packages\aiogram\dispatcher\event\handler.py", line 43, in call
    return await wrapped()
           ^^^^^^^^^^^^^^^
  File "G:\projekts\kiberbot\venv\Lib\site-packages\aiogram\dispatcher\dispatcher.py", line 276, in _listen_update
    return await self.propagate_event(update_type=update_type, event=event, **kwargs)
           ^^^^^^^^^^^^^^^^^^^^^^^^^^^^^^^^^^^^^^^^^^^^^^^^^^^^^^^^^^^^^^^^^^^^^^^^^^
  File "G:\projekts\kiberbot\venv\Lib\site-packages\aiogram\dispatcher\router.py", line 146, in propagate_event
    return await observer.wrap_outer_middleware(_wrapped, event=event, data=kwargs)
           ^^^^^^^^^^^^^^^^^^^^^^^^^^^^^^^^^^^^^^^^^^^^^^^^^^^^^^^^^^^^^^^^^^^^^^^^
  File "G:\projekts\kiberbot\venv\Lib\site-packages\aiogram\dispatcher\router.py", line 141, in _wrapped
    return await self._propagate_event(
           ^^^^^^^^^^^^^^^^^^^^^^^^^^^^
        observer=observer, update_type=update_type, event=telegram_event, **data
        ^^^^^^^^^^^^^^^^^^^^^^^^^^^^^^^^^^^^^^^^^^^^^^^^^^^^^^^^^^^^^^^^^^^^^^^^
    )
    ^
  File "G:\projekts\kiberbot\venv\Lib\site-packages\aiogram\dispatcher\router.py", line 174, in _propagate_event
    response = await router.propagate_event(update_type=update_type, event=event, **kwargs)
               ^^^^^^^^^^^^^^^^^^^^^^^^^^^^^^^^^^^^^^^^^^^^^^^^^^^^^^^^^^^^^^^^^^^^^^^^^^^^
  File "G:\projekts\kiberbot\venv\Lib\site-packages\aiogram\dispatcher\router.py", line 146, in propagate_event
    return await observer.wrap_outer_middleware(_wrapped, event=event, data=kwargs)
           ^^^^^^^^^^^^^^^^^^^^^^^^^^^^^^^^^^^^^^^^^^^^^^^^^^^^^^^^^^^^^^^^^^^^^^^^
  File "G:\projekts\kiberbot\venv\Lib\site-packages\aiogram\dispatcher\router.py", line 141, in _wrapped
    return await self._propagate_event(
           ^^^^^^^^^^^^^^^^^^^^^^^^^^^^
        observer=observer, update_type=update_type, event=telegram_event, **data
        ^^^^^^^^^^^^^^^^^^^^^^^^^^^^^^^^^^^^^^^^^^^^^^^^^^^^^^^^^^^^^^^^^^^^^^^^
    )
    ^
  File "G:\projekts\kiberbot\venv\Lib\site-packages\aiogram\dispatcher\router.py", line 166, in _propagate_event
    response = await observer.trigger(event, **kwargs)
               ^^^^^^^^^^^^^^^^^^^^^^^^^^^^^^^^^^^^^^^
  File "G:\projekts\kiberbot\venv\Lib\site-packages\aiogram\dispatcher\event\telegram.py", line 121, in trigger
    return await wrapped_inner(event, kwargs)
           ^^^^^^^^^^^^^^^^^^^^^^^^^^^^^^^^^^
  File "G:\projekts\kiberbot\venv\Lib\site-packages\aiogram\dispatcher\event\handler.py", line 43, in call
    return await wrapped()
           ^^^^^^^^^^^^^^^
  File "G:\projekts\kiberbot\bot\handlers\commands.py", line 15, in cmd_start
    await message.answer(text)
          ~~~~~~~~~~~~~~^^^^^^
  File "G:\projekts\kiberbot\venv\Lib\site-packages\aiogram\types\message.py", line 2038, in answer
    return SendMessage(
           ~~~~~~~~~~~^
        chat_id=self.chat.id,
        ^^^^^^^^^^^^^^^^^^^^^
    ...<14 lines>...
        **kwargs,
        ^^^^^^^^^
    ).as_(self._bot)
    ^
  File "G:\projekts\kiberbot\venv\Lib\site-packages\pydantic\main.py", line 250, in __init__
    validated_self = self.__pydantic_validator__.validate_python(data, self_instance=self)
pydantic_core._pydantic_core.ValidationError: 1 validation error for SendMessage
text
  Input should be a valid string [type=string_type, input_value=<built-in method format o...t at 0x0000021721267230>, input_type=builtin_function_or_method]
    For further information visit https://errors.pydantic.dev/2.12/v/string_type
2026-03-05 18:11:17,945 - aiogram.dispatcher - INFO - Polling stopped
2026-03-05 18:11:17,947 - aiogram.dispatcher - ERROR - Failed to fetch updates - TelegramNetworkError: HTTP Client says - ServerDisconnectedError: Server disconnected
2026-03-05 18:11:17,947 - aiogram.dispatcher - WARNING - Sleep for 1.000000 seconds and try again... (tryings = 0, bot id = 8788056136)
2026-03-05 18:11:18,205 - aiogram.dispatcher - INFO - Polling stopped for bot @cyber_iivBot id=8788056136 - 'Kiber qalqon'
2026-03-05 18:11:30,340 - root - INFO - Logging tizimi muvaffaqiyatli sozlandi
2026-03-05 18:11:30,340 - __main__ - INFO - Bot ishga tushmoqda...
2026-03-05 18:11:31,241 - httpx - INFO - HTTP Request: HEAD https://huggingface.co/cybersectony/phishing-email-detection-distilbert_v2.4.1/resolve/main/config.json "HTTP/1.1 307 Temporary Redirect"
2026-03-05 18:11:31,318 - httpx - INFO - HTTP Request: HEAD https://huggingface.co/api/resolve-cache/models/cybersectony/phishing-email-detection-distilbert_v2.4.1/6724dec17360ab1f6450553f1d950404f66a5dde/config.json "HTTP/1.1 200 OK"
2026-03-05 18:11:31,579 - httpx - INFO - HTTP Request: GET https://huggingface.co/api/models/cybersectony/phishing-email-detection-distilbert_v2.4.1/tree/main/additional_chat_templates?recursive=false&expand=false "HTTP/1.1 404 Not Found"
2026-03-05 18:11:31,783 - httpx - INFO - HTTP Request: GET https://huggingface.co/api/models/cybersectony/phishing-email-detection-distilbert_v2.4.1/tree/main?recursive=true&expand=false "HTTP/1.1 200 OK"
2026-03-05 18:11:31,824 - bot.core.ai_model - INFO - Phishing model yuklandi
2026-03-05 18:11:31,962 - aiogram.dispatcher - INFO - Start polling
2026-03-05 18:11:32,268 - aiogram.dispatcher - INFO - Run polling for bot @cyber_iivBot id=8788056136 - 'Kiber qalqon'
2026-03-05 18:11:38,370 - aiogram.event - INFO - Update id=261687407 is not handled. Duration 2 ms by bot id=8788056136
2026-03-05 18:11:38,371 - aiogram.event - ERROR - Cause exception while process update id=261687407 by bot id=8788056136
KeyError: 'uz'
Traceback (most recent call last):
  File "G:\projekts\kiberbot\venv\Lib\site-packages\aiogram\dispatcher\dispatcher.py", line 309, in _process_update
    response = await self.feed_update(bot, update, **kwargs)
               ^^^^^^^^^^^^^^^^^^^^^^^^^^^^^^^^^^^^^^^^^^^^^
  File "G:\projekts\kiberbot\venv\Lib\site-packages\aiogram\dispatcher\dispatcher.py", line 158, in feed_update
    response = await self.update.wrap_outer_middleware(
               ^^^^^^^^^^^^^^^^^^^^^^^^^^^^^^^^^^^^^^^^
    ...<7 lines>...
    )
    ^
  File "G:\projekts\kiberbot\venv\Lib\site-packages\aiogram\dispatcher\middlewares\error.py", line 25, in __call__
    return await handler(event, data)
           ^^^^^^^^^^^^^^^^^^^^^^^^^^
  File "G:\projekts\kiberbot\venv\Lib\site-packages\aiogram\dispatcher\middlewares\user_context.py", line 56, in __call__
    return await handler(event, data)
           ^^^^^^^^^^^^^^^^^^^^^^^^^^
  File "G:\projekts\kiberbot\venv\Lib\site-packages\aiogram\fsm\middleware.py", line 42, in __call__
    return await handler(event, data)
           ^^^^^^^^^^^^^^^^^^^^^^^^^^
  File "G:\projekts\kiberbot\venv\Lib\site-packages\aiogram\dispatcher\event\telegram.py", line 121, in trigger
    return await wrapped_inner(event, kwargs)
           ^^^^^^^^^^^^^^^^^^^^^^^^^^^^^^^^^^
  File "G:\projekts\kiberbot\venv\Lib\site-packages\aiogram\dispatcher\event\handler.py", line 43, in call
    return await wrapped()
           ^^^^^^^^^^^^^^^
  File "G:\projekts\kiberbot\venv\Lib\site-packages\aiogram\dispatcher\dispatcher.py", line 276, in _listen_update
    return await self.propagate_event(update_type=update_type, event=event, **kwargs)
           ^^^^^^^^^^^^^^^^^^^^^^^^^^^^^^^^^^^^^^^^^^^^^^^^^^^^^^^^^^^^^^^^^^^^^^^^^^
  File "G:\projekts\kiberbot\venv\Lib\site-packages\aiogram\dispatcher\router.py", line 146, in propagate_event
    return await observer.wrap_outer_middleware(_wrapped, event=event, data=kwargs)
           ^^^^^^^^^^^^^^^^^^^^^^^^^^^^^^^^^^^^^^^^^^^^^^^^^^^^^^^^^^^^^^^^^^^^^^^^
  File "G:\projekts\kiberbot\venv\Lib\site-packages\aiogram\dispatcher\router.py", line 141, in _wrapped
    return await self._propagate_event(
           ^^^^^^^^^^^^^^^^^^^^^^^^^^^^
        observer=observer, update_type=update_type, event=telegram_event, **data
        ^^^^^^^^^^^^^^^^^^^^^^^^^^^^^^^^^^^^^^^^^^^^^^^^^^^^^^^^^^^^^^^^^^^^^^^^
    )
    ^
  File "G:\projekts\kiberbot\venv\Lib\site-packages\aiogram\dispatcher\router.py", line 174, in _propagate_event
    response = await router.propagate_event(update_type=update_type, event=event, **kwargs)
               ^^^^^^^^^^^^^^^^^^^^^^^^^^^^^^^^^^^^^^^^^^^^^^^^^^^^^^^^^^^^^^^^^^^^^^^^^^^^
  File "G:\projekts\kiberbot\venv\Lib\site-packages\aiogram\dispatcher\router.py", line 146, in propagate_event
    return await observer.wrap_outer_middleware(_wrapped, event=event, data=kwargs)
           ^^^^^^^^^^^^^^^^^^^^^^^^^^^^^^^^^^^^^^^^^^^^^^^^^^^^^^^^^^^^^^^^^^^^^^^^
  File "G:\projekts\kiberbot\venv\Lib\site-packages\aiogram\dispatcher\router.py", line 141, in _wrapped
    return await self._propagate_event(
           ^^^^^^^^^^^^^^^^^^^^^^^^^^^^
        observer=observer, update_type=update_type, event=telegram_event, **data
        ^^^^^^^^^^^^^^^^^^^^^^^^^^^^^^^^^^^^^^^^^^^^^^^^^^^^^^^^^^^^^^^^^^^^^^^^
    )
    ^
  File "G:\projekts\kiberbot\venv\Lib\site-packages\aiogram\dispatcher\router.py", line 166, in _propagate_event
    response = await observer.trigger(event, **kwargs)
               ^^^^^^^^^^^^^^^^^^^^^^^^^^^^^^^^^^^^^^^
  File "G:\projekts\kiberbot\venv\Lib\site-packages\aiogram\dispatcher\event\telegram.py", line 121, in trigger
    return await wrapped_inner(event, kwargs)
           ^^^^^^^^^^^^^^^^^^^^^^^^^^^^^^^^^^
  File "G:\projekts\kiberbot\venv\Lib\site-packages\aiogram\dispatcher\event\handler.py", line 43, in call
    return await wrapped()
           ^^^^^^^^^^^^^^^
  File "G:\projekts\kiberbot\bot\handlers\commands.py", line 14, in cmd_start
    text = get_lang_text("welcome_message", lang)
  File "G:\projekts\kiberbot\bot\utils\helpers.py", line 26, in get_lang_text
    return TRANSLATIONS[lang].get(key, f"[{key} not found]").format
           ~~~~~~~~~~~~^^^^^^
KeyError: 'uz'
2026-03-05 18:14:08,185 - aiogram.dispatcher - INFO - Polling stopped
2026-03-05 18:14:08,186 - aiogram.dispatcher - ERROR - Failed to fetch updates - TelegramNetworkError: HTTP Client says - ServerDisconnectedError: Server disconnected
2026-03-05 18:14:08,186 - aiogram.dispatcher - WARNING - Sleep for 1.000000 seconds and try again... (tryings = 0, bot id = 8788056136)
2026-03-05 18:14:08,438 - aiogram.dispatcher - INFO - Polling stopped for bot @cyber_iivBot id=8788056136 - 'Kiber qalqon'
2026-03-05 18:14:20,381 - root - INFO - Logging tizimi muvaffaqiyatli sozlandi
2026-03-05 18:14:20,382 - __main__ - INFO - Bot ishga tushmoqda...
2026-03-05 18:14:21,337 - httpx - INFO - HTTP Request: HEAD https://huggingface.co/cybersectony/phishing-email-detection-distilbert_v2.4.1/resolve/main/config.json "HTTP/1.1 307 Temporary Redirect"
2026-03-05 18:14:21,697 - httpx - INFO - HTTP Request: HEAD https://huggingface.co/api/resolve-cache/models/cybersectony/phishing-email-detection-distilbert_v2.4.1/6724dec17360ab1f6450553f1d950404f66a5dde/config.json "HTTP/1.1 200 OK"
2026-03-05 18:14:21,947 - httpx - INFO - HTTP Request: GET https://huggingface.co/api/models/cybersectony/phishing-email-detection-distilbert_v2.4.1/tree/main/additional_chat_templates?recursive=false&expand=false "HTTP/1.1 404 Not Found"
2026-03-05 18:14:22,161 - httpx - INFO - HTTP Request: GET https://huggingface.co/api/models/cybersectony/phishing-email-detection-distilbert_v2.4.1/tree/main?recursive=true&expand=false "HTTP/1.1 200 OK"
2026-03-05 18:14:22,201 - bot.core.ai_model - INFO - Phishing model yuklandi
2026-03-05 18:14:22,342 - aiogram.dispatcher - INFO - Start polling
2026-03-05 18:14:22,633 - aiogram.dispatcher - INFO - Run polling for bot @cyber_iivBot id=8788056136 - 'Kiber qalqon'
2026-03-05 18:14:30,097 - aiogram.event - INFO - Update id=261687408 is not handled. Duration 2 ms by bot id=8788056136
2026-03-05 18:14:30,098 - aiogram.event - ERROR - Cause exception while process update id=261687408 by bot id=8788056136
KeyError: 'uz'
Traceback (most recent call last):
  File "G:\projekts\kiberbot\venv\Lib\site-packages\aiogram\dispatcher\dispatcher.py", line 309, in _process_update
    response = await self.feed_update(bot, update, **kwargs)
               ^^^^^^^^^^^^^^^^^^^^^^^^^^^^^^^^^^^^^^^^^^^^^
  File "G:\projekts\kiberbot\venv\Lib\site-packages\aiogram\dispatcher\dispatcher.py", line 158, in feed_update
    response = await self.update.wrap_outer_middleware(
               ^^^^^^^^^^^^^^^^^^^^^^^^^^^^^^^^^^^^^^^^
    ...<7 lines>...
    )
    ^
  File "G:\projekts\kiberbot\venv\Lib\site-packages\aiogram\dispatcher\middlewares\error.py", line 25, in __call__
    return await handler(event, data)
           ^^^^^^^^^^^^^^^^^^^^^^^^^^
  File "G:\projekts\kiberbot\venv\Lib\site-packages\aiogram\dispatcher\middlewares\user_context.py", line 56, in __call__
    return await handler(event, data)
           ^^^^^^^^^^^^^^^^^^^^^^^^^^
  File "G:\projekts\kiberbot\venv\Lib\site-packages\aiogram\fsm\middleware.py", line 42, in __call__
    return await handler(event, data)
           ^^^^^^^^^^^^^^^^^^^^^^^^^^
  File "G:\projekts\kiberbot\venv\Lib\site-packages\aiogram\dispatcher\event\telegram.py", line 121, in trigger
    return await wrapped_inner(event, kwargs)
           ^^^^^^^^^^^^^^^^^^^^^^^^^^^^^^^^^^
  File "G:\projekts\kiberbot\venv\Lib\site-packages\aiogram\dispatcher\event\handler.py", line 43, in call
    return await wrapped()
           ^^^^^^^^^^^^^^^
  File "G:\projekts\kiberbot\venv\Lib\site-packages\aiogram\dispatcher\dispatcher.py", line 276, in _listen_update
    return await self.propagate_event(update_type=update_type, event=event, **kwargs)
           ^^^^^^^^^^^^^^^^^^^^^^^^^^^^^^^^^^^^^^^^^^^^^^^^^^^^^^^^^^^^^^^^^^^^^^^^^^
  File "G:\projekts\kiberbot\venv\Lib\site-packages\aiogram\dispatcher\router.py", line 146, in propagate_event
    return await observer.wrap_outer_middleware(_wrapped, event=event, data=kwargs)
           ^^^^^^^^^^^^^^^^^^^^^^^^^^^^^^^^^^^^^^^^^^^^^^^^^^^^^^^^^^^^^^^^^^^^^^^^
  File "G:\projekts\kiberbot\venv\Lib\site-packages\aiogram\dispatcher\router.py", line 141, in _wrapped
    return await self._propagate_event(
           ^^^^^^^^^^^^^^^^^^^^^^^^^^^^
        observer=observer, update_type=update_type, event=telegram_event, **data
        ^^^^^^^^^^^^^^^^^^^^^^^^^^^^^^^^^^^^^^^^^^^^^^^^^^^^^^^^^^^^^^^^^^^^^^^^
    )
    ^
  File "G:\projekts\kiberbot\venv\Lib\site-packages\aiogram\dispatcher\router.py", line 174, in _propagate_event
    response = await router.propagate_event(update_type=update_type, event=event, **kwargs)
               ^^^^^^^^^^^^^^^^^^^^^^^^^^^^^^^^^^^^^^^^^^^^^^^^^^^^^^^^^^^^^^^^^^^^^^^^^^^^
  File "G:\projekts\kiberbot\venv\Lib\site-packages\aiogram\dispatcher\router.py", line 146, in propagate_event
    return await observer.wrap_outer_middleware(_wrapped, event=event, data=kwargs)
           ^^^^^^^^^^^^^^^^^^^^^^^^^^^^^^^^^^^^^^^^^^^^^^^^^^^^^^^^^^^^^^^^^^^^^^^^
  File "G:\projekts\kiberbot\venv\Lib\site-packages\aiogram\dispatcher\router.py", line 141, in _wrapped
    return await self._propagate_event(
           ^^^^^^^^^^^^^^^^^^^^^^^^^^^^
        observer=observer, update_type=update_type, event=telegram_event, **data
        ^^^^^^^^^^^^^^^^^^^^^^^^^^^^^^^^^^^^^^^^^^^^^^^^^^^^^^^^^^^^^^^^^^^^^^^^
    )
    ^
  File "G:\projekts\kiberbot\venv\Lib\site-packages\aiogram\dispatcher\router.py", line 166, in _propagate_event
    response = await observer.trigger(event, **kwargs)
               ^^^^^^^^^^^^^^^^^^^^^^^^^^^^^^^^^^^^^^^
  File "G:\projekts\kiberbot\venv\Lib\site-packages\aiogram\dispatcher\event\telegram.py", line 121, in trigger
    return await wrapped_inner(event, kwargs)
           ^^^^^^^^^^^^^^^^^^^^^^^^^^^^^^^^^^
  File "G:\projekts\kiberbot\venv\Lib\site-packages\aiogram\dispatcher\event\handler.py", line 43, in call
    return await wrapped()
           ^^^^^^^^^^^^^^^
  File "G:\projekts\kiberbot\bot\handlers\commands.py", line 14, in cmd_start
    text = get_lang_text("welcome_message", lang)
  File "G:\projekts\kiberbot\bot\utils\helpers.py", line 19, in get_lang_text
    if key not in TRANSLATIONS[lang]:
                  ~~~~~~~~~~~~^^^^^^
KeyError: 'uz'
2026-03-05 18:14:37,584 - aiogram.dispatcher - INFO - Polling stopped
2026-03-05 18:14:37,585 - aiogram.dispatcher - ERROR - Failed to fetch updates - TelegramNetworkError: HTTP Client says - ServerDisconnectedError: Server disconnected
2026-03-05 18:14:37,585 - aiogram.dispatcher - WARNING - Sleep for 1.000000 seconds and try again... (tryings = 0, bot id = 8788056136)
2026-03-05 18:14:37,840 - aiogram.dispatcher - INFO - Polling stopped for bot @cyber_iivBot id=8788056136 - 'Kiber qalqon'
